<?xml version="1.0" encoding="UTF-8"?>
<testng-results ignored="0" total="1" passed="1" failed="0" skipped="0">
  <reporter-output>
  </reporter-output>
  <suite started-at="2022-10-01T01:32:56 IST" name="login suite" finished-at="2022-10-01T01:33:05 IST" duration-ms="8854">
    <groups>
    </groups>
    <test started-at="2022-10-01T01:32:56 IST" name="login test" finished-at="2022-10-01T01:33:05 IST" duration-ms="8854">
      <class name="amilLogin.login">
        <test-method signature="amilLogin()[pri:0, instance:amilLogin.login@1ab3a8c8]" started-at="2022-10-01T01:32:56 IST" name="amilLogin" finished-at="2022-10-01T01:33:05 IST" duration-ms="8819" status="PASS">
          <reporter-output>
          </reporter-output>
        </test-method> <!-- amilLogin -->
      </class> <!-- amilLogin.login -->
    </test> <!-- login test -->
  </suite> <!-- login suite -->
</testng-results>
